<?xml version="1.0" encoding="utf-8"?><testsuites><testsuite name="pytest" errors="0" failures="0" skipped="0" tests="86" time="20.665" timestamp="2025-04-24T04:15:27.444725-05:00" hostname="Alien.local"><testcase classname="tests.apps.test_auth" name="test_user_btn_permissions" file="tests/apps/test_auth.py" line="19" time="0.682" /><testcase classname="tests.apps.test_auth" name="test_user_add" file="tests/apps/test_auth.py" line="34" time="0.322" /><testcase classname="tests.apps.test_auth" name="test_user_history" file="tests/apps/test_auth.py" line="46" time="0.386" /><testcase classname="tests.apps.test_auth" name="test_permission_owners" file="tests/apps/test_auth.py" line="65" time="0.284" /><testcase classname="tests.apps.test_auth" name="test_contenttype_" file="tests/apps/test_auth.py" line="80" time="0.216" /><testcase classname="tests.apps.test_auth" name="test_group_members" file="tests/apps/test_auth.py" line="94" time="0.292" /><testcase classname="tests.apps.test_auth" name="test_group_add" file="tests/apps/test_auth.py" line="104" time="0.203" /><testcase classname="tests.apps.test_auth" name="test_group_change" file="tests/apps/test_auth.py" line="118" time="0.314" /><testcase classname="tests.apps.test_logs" name="test_log" file="tests/apps/test_logs.py" line="16" time="0.162" /><testcase classname="tests.apps.test_logs" name="test_archive_log" file="tests/apps/test_logs.py" line="30" time="0.419" /><testcase classname="tests.apps.test_logs" name="test_group_history" file="tests/apps/test_logs.py" line="44" time="0.226" /><testcase classname="tests.panels.test_console" name="test_index" file="tests/panels/test_console.py" line="4" time="0.317" /><testcase classname="tests.panels.test_panel_email" name="test_email_panel" file="tests/panels/test_panel_email.py" line="7" time="0.185" /><testcase classname="tests.panels.test_panel_email" name="test_email_panel_none_sent" file="tests/panels/test_panel_email.py" line="20" time="0.153" /><testcase classname="tests.panels.test_panel_email" name="test_email_panel_error" file="tests/panels/test_panel_email.py" line="32" time="0.151" /><testcase classname="tests.panels.test_panel_email" name="test_email_panel_conn_failure" file="tests/panels/test_panel_email.py" line="43" time="0.153" /><testcase classname="tests.panels.test_panel_error_pages" name="test_error_pages[400]" file="tests/panels/test_panel_error_pages.py" line="6" time="0.149" /><testcase classname="tests.panels.test_panel_error_pages" name="test_error_pages[403]" file="tests/panels/test_panel_error_pages.py" line="6" time="0.149" /><testcase classname="tests.panels.test_panel_error_pages" name="test_error_pages[404]" file="tests/panels/test_panel_error_pages.py" line="6" time="0.148" /><testcase classname="tests.panels.test_panel_error_pages" name="test_error_pages[500]" file="tests/panels/test_panel_error_pages.py" line="6" time="0.158" /><testcase classname="tests.panels.test_panel_migrations" name="test_migrations" file="tests/panels/test_panel_migrations.py" line="4" time="0.174" /><testcase classname="tests.panels.test_panel_redis" name="test_redis_missing" file="tests/panels/test_panel_redis.py" line="35" time="0.140" /><testcase classname="tests.panels.test_panel_redis" name="test_redis_command[None-None]" file="tests/panels/test_panel_redis.py" line="47" time="0.152" /><testcase classname="tests.panels.test_panel_redis" name="test_redis_command[exc1-R-error]" file="tests/panels/test_panel_redis.py" line="47" time="0.151" /><testcase classname="tests.panels.test_panel_redis" name="test_redis_command[exc2-Exception: E-error]" file="tests/panels/test_panel_redis.py" line="47" time="0.153" /><testcase classname="tests.panels.test_panel_sentry" name="test_sentry_panel[capture_event]" file="tests/panels/test_panel_sentry.py" line="45" time="0.222" /><testcase classname="tests.panels.test_panel_sentry" name="test_sentry_panel[capture_exception]" file="tests/panels/test_panel_sentry.py" line="45" time="0.194" /><testcase classname="tests.panels.test_panel_sentry" name="test_sentry_panel[capture_message]" file="tests/panels/test_panel_sentry.py" line="45" time="0.177" /><testcase classname="tests.panels.test_panel_sentry" name="test_sentry_panel[logging_integration]" file="tests/panels/test_panel_sentry.py" line="45" time="0.175" /><testcase classname="tests.panels.test_panel_sentry" name="test_sentry_panel[400]" file="tests/panels/test_panel_sentry.py" line="45" time="0.179" /><testcase classname="tests.panels.test_panel_sentry" name="test_sentry_panel[403]" file="tests/panels/test_panel_sentry.py" line="45" time="0.175" /><testcase classname="tests.panels.test_panel_sentry" name="test_sentry_panel[404]" file="tests/panels/test_panel_sentry.py" line="45" time="0.179" /><testcase classname="tests.panels.test_panel_sentry" name="test_sentry_panel[500]" file="tests/panels/test_panel_sentry.py" line="45" time="0.180" /><testcase classname="tests.panels.test_panel_sentry" name="test_sentry_panel_error" file="tests/panels/test_panel_sentry.py" line="62" time="0.155" /><testcase classname="tests.test_admin" name="test_index" file="tests/test_admin.py" line="39" time="0.185" /><testcase classname="tests.test_admin" name="test_applist" file="tests/test_admin.py" line="51" time="0.149" /><testcase classname="tests.test_admin" name="test_group_list" file="tests/test_admin.py" line="63" time="0.146" /><testcase classname="tests.test_admin" name="test_changelist[GroupAdmin]" file="tests/test_admin.py" line="75" time="0.161" /><testcase classname="tests.test_admin" name="test_changelist[UserAdmin]" file="tests/test_admin.py" line="75" time="0.291" /><testcase classname="tests.test_admin" name="test_changelist[PermissionAdmin]" file="tests/test_admin.py" line="75" time="0.255" /><testcase classname="tests.test_admin" name="test_changelist[ContentTypeAdmin]" file="tests/test_admin.py" line="75" time="0.231" /><testcase classname="tests.test_admin" name="test_changelist[SiteAdmin]" file="tests/test_admin.py" line="75" time="0.168" /><testcase classname="tests.test_admin" name="test_changelist[LogEntryAdmin]" file="tests/test_admin.py" line="75" time="0.289" /><testcase classname="tests.test_admin" name="test_changelist[CustomerAdmin]" file="tests/test_admin.py" line="75" time="0.302" /><testcase classname="tests.test_admin" name="test_changelist[ProductAdmin]" file="tests/test_admin.py" line="75" time="0.164" /><testcase classname="tests.test_admin" name="test_changelist[ProductFamilyAdmin]" file="tests/test_admin.py" line="75" time="0.163" /><testcase classname="tests.test_admin" name="test_changelist[InvoiceAdmin]" file="tests/test_admin.py" line="75" time="0.287" /><testcase classname="tests.test_admin" name="test_changelist[InvoiceItemAdmin]" file="tests/test_admin.py" line="75" time="0.332" /><testcase classname="tests.test_admin" name="test_changeform[GroupAdmin]" file="tests/test_admin.py" line="89" time="0.189" /><testcase classname="tests.test_admin" name="test_changeform[UserAdmin]" file="tests/test_admin.py" line="89" time="0.344" /><testcase classname="tests.test_admin" name="test_changeform[PermissionAdmin]" file="tests/test_admin.py" line="89" time="0.152" /><testcase classname="tests.test_admin" name="test_changeform[ContentTypeAdmin]" file="tests/test_admin.py" line="89" time="0.156" /><testcase classname="tests.test_admin" name="test_changeform[SiteAdmin]" file="tests/test_admin.py" line="89" time="0.156" /><testcase classname="tests.test_admin" name="test_changeform[LogEntryAdmin]" file="tests/test_admin.py" line="89" time="0.275" /><testcase classname="tests.test_admin" name="test_changeform[CustomerAdmin]" file="tests/test_admin.py" line="89" time="0.349" /><testcase classname="tests.test_admin" name="test_changeform[ProductAdmin]" file="tests/test_admin.py" line="89" time="0.166" /><testcase classname="tests.test_admin" name="test_changeform[ProductFamilyAdmin]" file="tests/test_admin.py" line="89" time="0.157" /><testcase classname="tests.test_admin" name="test_changeform[InvoiceAdmin]" file="tests/test_admin.py" line="89" time="0.304" /><testcase classname="tests.test_admin" name="test_changeform[InvoiceItemAdmin]" file="tests/test_admin.py" line="89" time="0.286" /><testcase classname="tests.test_admin" name="test_log" file="tests/test_admin.py" line="103" time="0.159" /><testcase classname="tests.test_admin" name="test_archive_log" file="tests/test_admin.py" line="117" time="0.425" /><testcase classname="tests.test_admin" name="test_group_history" file="tests/test_admin.py" line="131" time="0.236" /><testcase classname="tests.test_mixin" name="test_linked_objects" file="tests/test_mixin.py" line="27" time="0.291" /><testcase classname="tests.test_utils" name="test_get_related" file="tests/test_utils.py" line="18" time="0.127" /><testcase classname="tests.test_truncate" name="test_truncate" file="tests/test_truncate.py" line="7" time="0.387" /><testcase classname="tests.test_truncate" name="test_truncate_mixin" file="tests/test_truncate.py" line="18" time="0.019" /><testcase classname="tests.browser.test_f_admin" name="test_console" file="tests/browser/test_f_admin.py" line="7" time="2.496" /><testcase classname="tests.browser.test_f_admin" name="test_user_permissions" file="tests/browser/test_f_admin.py" line="25" time="1.903" /><testcase classname="tests.panels.test_panel_sentry" name="test_get_sentry_host" file="tests/panels/test_panel_sentry.py" line="9" time="0.001" /><testcase classname="tests.panels.test_panel_sentry" name="test_get_sentry_dashboard" file="tests/panels/test_panel_sentry.py" line="17" time="0.001" /><testcase classname="tests.panels.test_panel_sentry" name="test_get_event_url" file="tests/panels/test_panel_sentry.py" line="25" time="0.010" /><testcase classname="tests.panels.test_panel_sentry" name="test_make_sentry_link" file="tests/panels/test_panel_sentry.py" line="33" time="0.004" /><testcase classname="tests.test_checks" name="test_check_bookmarks" file="tests/test_checks.py" line="6" time="0.001" /><testcase classname="tests.test_checks" name="test_check_bookmarks_error" file="tests/test_checks.py" line="10" time="0.001" /><testcase classname="tests.test_config" name="test_process_settings[10]" file="tests/test_config.py" line="6" time="0.001" /><testcase classname="tests.test_config" name="test_process_settings[&lt;lambda&gt;]" file="tests/test_config.py" line="6" time="0.001" /><testcase classname="tests.test_config" name="test_process_settings[demo.urls.get_link]" file="tests/test_config.py" line="6" time="0.001" /><testcase classname="tests.test_config" name="test_bookmarks[value0]" file="tests/test_config.py" line="11" time="0.001" /><testcase classname="tests.test_config" name="test_bookmarks[&lt;lambda&gt;]" file="tests/test_config.py" line="11" time="0.001" /><testcase classname="tests.test_config" name="test_bookmarks[demo.urls.get_link]" file="tests/test_config.py" line="11" time="0.001" /><testcase classname="tests.test_decorators" name="test_smart_register_exceptions[models0-None-None-expectation0]" file="tests/test_decorators.py" line="10" time="0.001" /><testcase classname="tests.test_decorators" name="test_smart_register_exceptions[models1-None-object-expectation1]" file="tests/test_decorators.py" line="10" time="0.001" /><testcase classname="tests.test_decorators" name="test_smart_register_exceptions[models2-object-site2-expectation2]" file="tests/test_decorators.py" line="10" time="0.001" /><testcase classname="tests.test_decorators" name="test_smart_register_exceptions[models3-CustomerAdmin-site3-expectation3]" file="tests/test_decorators.py" line="10" time="0.001" /><testcase classname="tests.test_mixin" name="test_read_only_checks" file="tests/test_mixin.py" line="10" time="0.001" /><testcase classname="tests.test_utils" name="test_smartlist" file="tests/test_utils.py" line="8" time="0.511" /></testsuite></testsuites>
